<?xml version="1.0" encoding="UTF-8"?>

<persistence xmlns="http://java.sun.com/xml/ns/persistence" version="1.0">
	<persistence-unit name="testPU" transaction-type="RESOURCE_LOCAL">
        <provider>org.hibernate.ejb.HibernatePersistence</provider>
		<class>br.com.ss.centralaamar.domain.Member</class>
        <properties>
        <!-- Properties for Hibernate 
         <property name="hibernate.hbm2ddl.auto" value="update" /> -->
         <property name="hibernate.show_sql" value="true" />
         <property name="hibernate.dialect" value="org.hibernate.dialect.MySQLDialect"/>
        </properties>
	</persistence-unit>
</persistence>